2024-07-08 11:29:02,126   INFO  **********************Start logging**********************
2024-07-08 11:29:02,127   INFO  CUDA_VISIBLE_DEVICES=ALL
2024-07-08 11:29:02,127   INFO  Training with a single process
2024-07-08 11:29:02,127   INFO  cfg_file         cfgs/custom_models/pointpillar.yaml
2024-07-08 11:29:02,127   INFO  batch_size       4
2024-07-08 11:29:02,127   INFO  epochs           80
2024-07-08 11:29:02,127   INFO  workers          4
2024-07-08 11:29:02,127   INFO  extra_tag        default
2024-07-08 11:29:02,127   INFO  ckpt             None
2024-07-08 11:29:02,127   INFO  pretrained_model None
2024-07-08 11:29:02,127   INFO  launcher         none
2024-07-08 11:29:02,128   INFO  tcp_port         18888
2024-07-08 11:29:02,128   INFO  sync_bn          False
2024-07-08 11:29:02,128   INFO  fix_random_seed  False
2024-07-08 11:29:02,128   INFO  ckpt_save_interval 1
2024-07-08 11:29:02,128   INFO  local_rank       0
2024-07-08 11:29:02,128   INFO  max_ckpt_save_num 30
2024-07-08 11:29:02,128   INFO  merge_all_iters_to_one_epoch False
2024-07-08 11:29:02,128   INFO  set_cfgs         None
2024-07-08 11:29:02,128   INFO  max_waiting_mins 0
2024-07-08 11:29:02,128   INFO  start_epoch      0
2024-07-08 11:29:02,128   INFO  num_epochs_to_eval 0
2024-07-08 11:29:02,128   INFO  save_to_file     False
2024-07-08 11:29:02,128   INFO  use_tqdm_to_record False
2024-07-08 11:29:02,128   INFO  logger_iter_interval 50
2024-07-08 11:29:02,128   INFO  ckpt_save_time_interval 300
2024-07-08 11:29:02,128   INFO  wo_gpu_stat      False
2024-07-08 11:29:02,128   INFO  use_amp          False
2024-07-08 11:29:02,128   INFO  cfg.ROOT_DIR: /home/star/openpcdet/OpenPCDet
2024-07-08 11:29:02,128   INFO  cfg.LOCAL_RANK: 0
2024-07-08 11:29:02,128   INFO  cfg.CLASS_NAMES: ['ech', 'truck']
2024-07-08 11:29:02,128   INFO  ----------- DATA_CONFIG -----------
2024-07-08 11:29:02,128   INFO  cfg.DATA_CONFIG.DATASET: CustomDataset
2024-07-08 11:29:02,128   INFO  cfg.DATA_CONFIG.DATA_PATH: ../data/custom
2024-07-08 11:29:02,128   INFO  cfg.DATA_CONFIG.POINT_CLOUD_RANGE: [-26, -39.68, -2.5, 43.12, 39.68, 6]
2024-07-08 11:29:02,128   INFO  ----------- DATA_SPLIT -----------
2024-07-08 11:29:02,128   INFO  cfg.DATA_CONFIG.DATA_SPLIT.train: train
2024-07-08 11:29:02,128   INFO  cfg.DATA_CONFIG.DATA_SPLIT.test: val
2024-07-08 11:29:02,128   INFO  ----------- INFO_PATH -----------
2024-07-08 11:29:02,128   INFO  cfg.DATA_CONFIG.INFO_PATH.train: ['custom_infos_train.pkl']
2024-07-08 11:29:02,128   INFO  cfg.DATA_CONFIG.INFO_PATH.test: ['custom_infos_val.pkl']
2024-07-08 11:29:02,128   INFO  cfg.DATA_CONFIG.GET_ITEM_LIST: ['points']
2024-07-08 11:29:02,128   INFO  cfg.DATA_CONFIG.FOV_POINTS_ONLY: False
2024-07-08 11:29:02,128   INFO  ----------- DATA_AUGMENTOR -----------
2024-07-08 11:29:02,128   INFO  cfg.DATA_CONFIG.DATA_AUGMENTOR.DISABLE_AUG_LIST: ['placeholder']
2024-07-08 11:29:02,128   INFO  cfg.DATA_CONFIG.DATA_AUGMENTOR.AUG_CONFIG_LIST: [{'NAME': 'gt_sampling', 'USE_ROAD_PLANE': False, 'DB_INFO_PATH': ['custom_dbinfos_train.pkl'], 'PREPARE': {'filter_by_min_points': ['ech:15', 'truck:15']}, 'SAMPLE_GROUPS': ['ech:20', 'truck:20'], 'NUM_POINT_FEATURES': 4, 'DATABASE_WITH_FAKELIDAR': False, 'REMOVE_EXTRA_WIDTH': [0.0, 0.0, 0.0], 'LIMIT_WHOLE_SCENE': False}, {'NAME': 'random_world_flip', 'ALONG_AXIS_LIST': ['x']}, {'NAME': 'random_world_rotation', 'WORLD_ROT_ANGLE': [-0.78539816, 0.78539816]}, {'NAME': 'random_world_scaling', 'WORLD_SCALE_RANGE': [0.95, 1.05]}]
2024-07-08 11:29:02,128   INFO  ----------- POINT_FEATURE_ENCODING -----------
2024-07-08 11:29:02,128   INFO  cfg.DATA_CONFIG.POINT_FEATURE_ENCODING.encoding_type: absolute_coordinates_encoding
2024-07-08 11:29:02,128   INFO  cfg.DATA_CONFIG.POINT_FEATURE_ENCODING.used_feature_list: ['x', 'y', 'z', 'intensity']
2024-07-08 11:29:02,128   INFO  cfg.DATA_CONFIG.POINT_FEATURE_ENCODING.src_feature_list: ['x', 'y', 'z', 'intensity']
2024-07-08 11:29:02,128   INFO  cfg.DATA_CONFIG.DATA_PROCESSOR: [{'NAME': 'mask_points_and_boxes_outside_range', 'REMOVE_OUTSIDE_BOXES': True}, {'NAME': 'shuffle_points', 'SHUFFLE_ENABLED': {'train': True, 'test': 'Tru'}}, {'NAME': 'transform_points_to_voxels', 'VOXEL_SIZE': [0.16, 0.16, 8.5], 'MAX_POINTS_PER_VOXEL': 32, 'MAX_NUMBER_OF_VOXELS': {'train': 16000, 'test': 40000}}]
2024-07-08 11:29:02,128   INFO  cfg.DATA_CONFIG._BASE_CONFIG_: /home/star/openpcdet/OpenPCDet/tools/cfgs/dataset_configs/custom_dataset.yaml
2024-07-08 11:29:02,128   INFO  ----------- MODEL -----------
2024-07-08 11:29:02,128   INFO  cfg.MODEL.NAME: PointPillar
2024-07-08 11:29:02,128   INFO  ----------- VFE -----------
2024-07-08 11:29:02,128   INFO  cfg.MODEL.VFE.NAME: PillarVFE
2024-07-08 11:29:02,128   INFO  cfg.MODEL.VFE.WITH_DISTANCE: False
2024-07-08 11:29:02,129   INFO  cfg.MODEL.VFE.USE_ABSLOTE_XYZ: True
2024-07-08 11:29:02,129   INFO  cfg.MODEL.VFE.USE_NORM: True
2024-07-08 11:29:02,129   INFO  cfg.MODEL.VFE.NUM_FILTERS: [64]
2024-07-08 11:29:02,129   INFO  ----------- MAP_TO_BEV -----------
2024-07-08 11:29:02,129   INFO  cfg.MODEL.MAP_TO_BEV.NAME: PointPillarScatter
2024-07-08 11:29:02,129   INFO  cfg.MODEL.MAP_TO_BEV.NUM_BEV_FEATURES: 64
2024-07-08 11:29:02,129   INFO  ----------- BACKBONE_2D -----------
2024-07-08 11:29:02,129   INFO  cfg.MODEL.BACKBONE_2D.NAME: BaseBEVBackbone
2024-07-08 11:29:02,129   INFO  cfg.MODEL.BACKBONE_2D.LAYER_NUMS: [3, 5, 5]
2024-07-08 11:29:02,129   INFO  cfg.MODEL.BACKBONE_2D.LAYER_STRIDES: [2, 2, 2]
2024-07-08 11:29:02,129   INFO  cfg.MODEL.BACKBONE_2D.NUM_FILTERS: [64, 128, 256]
2024-07-08 11:29:02,129   INFO  cfg.MODEL.BACKBONE_2D.UPSAMPLE_STRIDES: [1, 2, 4]
2024-07-08 11:29:02,129   INFO  cfg.MODEL.BACKBONE_2D.NUM_UPSAMPLE_FILTERS: [128, 128, 128]
2024-07-08 11:29:02,129   INFO  ----------- DENSE_HEAD -----------
2024-07-08 11:29:02,129   INFO  cfg.MODEL.DENSE_HEAD.NAME: AnchorHeadSingle
2024-07-08 11:29:02,129   INFO  cfg.MODEL.DENSE_HEAD.CLASS_AGNOSTIC: False
2024-07-08 11:29:02,129   INFO  cfg.MODEL.DENSE_HEAD.USE_DIRECTION_CLASSIFIER: True
2024-07-08 11:29:02,129   INFO  cfg.MODEL.DENSE_HEAD.DIR_OFFSET: 0.78539
2024-07-08 11:29:02,129   INFO  cfg.MODEL.DENSE_HEAD.DIR_LIMIT_OFFSET: 0.0
2024-07-08 11:29:02,129   INFO  cfg.MODEL.DENSE_HEAD.NUM_DIR_BINS: 2
2024-07-08 11:29:02,129   INFO  cfg.MODEL.DENSE_HEAD.ANCHOR_GENERATOR_CONFIG: [{'class_name': 'ech', 'anchor_sizes': [[7.2, 5, 8.5]], 'anchor_rotations': [0, 1.57], 'anchor_bottom_heights': [-2.2], 'align_center': False, 'feature_map_stride': 2, 'matched_threshold': 0.6, 'unmatched_threshold': 0.45}, {'class_name': 'truck', 'anchor_sizes': [[18, 4, 5]], 'anchor_rotations': [-2, 2], 'anchor_bottom_heights': [-2.3], 'align_center': False, 'feature_map_stride': 2, 'matched_threshold': 0.5, 'unmatched_threshold': 0.35}]
2024-07-08 11:29:02,129   INFO  ----------- TARGET_ASSIGNER_CONFIG -----------
2024-07-08 11:29:02,129   INFO  cfg.MODEL.DENSE_HEAD.TARGET_ASSIGNER_CONFIG.NAME: AxisAlignedTargetAssigner
2024-07-08 11:29:02,129   INFO  cfg.MODEL.DENSE_HEAD.TARGET_ASSIGNER_CONFIG.POS_FRACTION: -1.0
2024-07-08 11:29:02,129   INFO  cfg.MODEL.DENSE_HEAD.TARGET_ASSIGNER_CONFIG.SAMPLE_SIZE: 512
2024-07-08 11:29:02,129   INFO  cfg.MODEL.DENSE_HEAD.TARGET_ASSIGNER_CONFIG.NORM_BY_NUM_EXAMPLES: False
2024-07-08 11:29:02,129   INFO  cfg.MODEL.DENSE_HEAD.TARGET_ASSIGNER_CONFIG.MATCH_HEIGHT: False
2024-07-08 11:29:02,129   INFO  cfg.MODEL.DENSE_HEAD.TARGET_ASSIGNER_CONFIG.BOX_CODER: ResidualCoder
2024-07-08 11:29:02,129   INFO  ----------- LOSS_CONFIG -----------
2024-07-08 11:29:02,129   INFO  ----------- LOSS_WEIGHTS -----------
2024-07-08 11:29:02,129   INFO  cfg.MODEL.DENSE_HEAD.LOSS_CONFIG.LOSS_WEIGHTS.cls_weight: 1.0
2024-07-08 11:29:02,129   INFO  cfg.MODEL.DENSE_HEAD.LOSS_CONFIG.LOSS_WEIGHTS.loc_weight: 2.0
2024-07-08 11:29:02,129   INFO  cfg.MODEL.DENSE_HEAD.LOSS_CONFIG.LOSS_WEIGHTS.dir_weight: 0.2
2024-07-08 11:29:02,129   INFO  cfg.MODEL.DENSE_HEAD.LOSS_CONFIG.LOSS_WEIGHTS.code_weights: [1.0, 1.0, 1.0, 1.0, 1.0, 1.0, 1.0]
2024-07-08 11:29:02,129   INFO  ----------- POST_PROCESSING -----------
2024-07-08 11:29:02,129   INFO  cfg.MODEL.POST_PROCESSING.RECALL_THRESH_LIST: [0.3, 0.5, 0.7]
2024-07-08 11:29:02,129   INFO  cfg.MODEL.POST_PROCESSING.SCORE_THRESH: 0.1
2024-07-08 11:29:02,129   INFO  cfg.MODEL.POST_PROCESSING.OUTPUT_RAW_SCORE: False
2024-07-08 11:29:02,129   INFO  cfg.MODEL.POST_PROCESSING.EVAL_METRIC: kitti
2024-07-08 11:29:02,129   INFO  ----------- NMS_CONFIG -----------
2024-07-08 11:29:02,129   INFO  cfg.MODEL.POST_PROCESSING.NMS_CONFIG.MULTI_CLASSES_NMS: False
2024-07-08 11:29:02,129   INFO  cfg.MODEL.POST_PROCESSING.NMS_CONFIG.NMS_TYPE: nms_gpu
2024-07-08 11:29:02,129   INFO  cfg.MODEL.POST_PROCESSING.NMS_CONFIG.NMS_THRESH: 0.01
2024-07-08 11:29:02,129   INFO  cfg.MODEL.POST_PROCESSING.NMS_CONFIG.NMS_PRE_MAXSIZE: 4096
2024-07-08 11:29:02,129   INFO  cfg.MODEL.POST_PROCESSING.NMS_CONFIG.NMS_POST_MAXSIZE: 500
2024-07-08 11:29:02,130   INFO  ----------- OPTIMIZATION -----------
2024-07-08 11:29:02,130   INFO  cfg.OPTIMIZATION.BATCH_SIZE_PER_GPU: 4
2024-07-08 11:29:02,130   INFO  cfg.OPTIMIZATION.NUM_EPOCHS: 80
2024-07-08 11:29:02,130   INFO  cfg.OPTIMIZATION.OPTIMIZER: adam_onecycle
2024-07-08 11:29:02,130   INFO  cfg.OPTIMIZATION.LR: 0.003
2024-07-08 11:29:02,130   INFO  cfg.OPTIMIZATION.WEIGHT_DECAY: 0.01
2024-07-08 11:29:02,130   INFO  cfg.OPTIMIZATION.MOMENTUM: 0.9
2024-07-08 11:29:02,130   INFO  cfg.OPTIMIZATION.MOMS: [0.95, 0.85]
2024-07-08 11:29:02,130   INFO  cfg.OPTIMIZATION.PCT_START: 0.4
2024-07-08 11:29:02,130   INFO  cfg.OPTIMIZATION.DIV_FACTOR: 10
2024-07-08 11:29:02,130   INFO  cfg.OPTIMIZATION.DECAY_STEP_LIST: [35, 45]
2024-07-08 11:29:02,130   INFO  cfg.OPTIMIZATION.LR_DECAY: 0.1
2024-07-08 11:29:02,130   INFO  cfg.OPTIMIZATION.LR_CLIP: 1e-07
2024-07-08 11:29:02,130   INFO  cfg.OPTIMIZATION.LR_WARMUP: False
2024-07-08 11:29:02,130   INFO  cfg.OPTIMIZATION.WARMUP_EPOCH: 1
2024-07-08 11:29:02,130   INFO  cfg.OPTIMIZATION.GRAD_NORM_CLIP: 10
2024-07-08 11:29:02,130   INFO  cfg.TAG: pointpillar
2024-07-08 11:29:02,130   INFO  cfg.EXP_GROUP_PATH: custom_models
2024-07-08 11:29:02,135   INFO  ----------- Create dataloader & network & optimizer -----------
2024-07-08 11:29:02,143   INFO  Database filter by min points ech: 841 => 841
2024-07-08 11:29:02,143   INFO  Database filter by min points truck: 1851 => 1851
2024-07-08 11:29:02,144   INFO  Loading CUSTOM dataset
2024-07-08 11:29:02,158   INFO  Total samples for CUSTOM dataset: 1948
